Change Component Designator: Old Designator=C5 New Designator=C3
Change Component Designator: Old Designator=C6 New Designator=C4
Change Component Designator: Old Designator=C24 New Designator=C9
Change Component Designator: Old Designator=C42 New Designator=C1
Change Component Designator: Old Designator=C59 New Designator=C12
Change Component Designator: Old Designator=C60 New Designator=C13
Change Component Designator: Old Designator=C97 New Designator=C2
Change Component Designator: Old Designator=C98 New Designator=C5
Change Component Designator: Old Designator=C99 New Designator=C6
Change Component Designator: Old Designator=C100 New Designator=C7
Change Component Designator: Old Designator=C101 New Designator=C8
Change Component Designator: Old Designator=C102 New Designator=C10
Change Component Designator: Old Designator=C103 New Designator=C11
Change Component Designator: Old Designator=D2 New Designator=D1
Change Component Designator: Old Designator=D3 New Designator=D4
Change Component Designator: Old Designator=D3 New Designator=D4
Change Component Designator: Old Designator=D3 New Designator=D4
Change Component Designator: Old Designator=D3 New Designator=D4
Change Component Designator: Old Designator=D3 New Designator=D4
Change Component Designator: Old Designator=D3 New Designator=D4
Change Component Designator: Old Designator=D3 New Designator=D4
Change Component Designator: Old Designator=D3 New Designator=D4
Change Component Designator: Old Designator=D3 New Designator=D2
Change Component Designator: Old Designator=D18 New Designator=D3
Change Component Designator: Old Designator=HL3 New Designator=HL1
Change Component Designator: Old Designator=L6 New Designator=L2
Change Component Designator: Old Designator=L24 New Designator=L3
Change Component Designator: Old Designator=L25 New Designator=L4
Change Component Designator: Old Designator=L35 New Designator=L1
Change Component Designator: Old Designator=L35 New Designator=L5
Change Component Designator: Old Designator=R2 New Designator=R3
Change Component Designator: Old Designator=R3 New Designator=R4
Change Component Designator: Old Designator=R3 New Designator=R5
Change Component Designator: Old Designator=R4 New Designator=R1
Change Component Designator: Old Designator=R4 New Designator=R6
Change Component Designator: Old Designator=R5 New Designator=R2
Change Component Designator: Old Designator=R41 New Designator=R7
Change Component Designator: Old Designator=R53 New Designator=R11
Change Component Designator: Old Designator=R91 New Designator=R9
Change Component Designator: Old Designator=R91 New Designator=R10
Change Component Designator: Old Designator=R111 New Designator=R8
Change Component Designator: Old Designator=VD16 New Designator=VD1
Change Component Designator: Old Designator=X1 New Designator=X4
Change Component Designator: Old Designator=X3 New Designator=X1
Change Component Designator: Old Designator=X? New Designator=X2
Change Component Designator: Old Designator=X? New Designator=X3
Change Component Designator: Old Designator=XP1 New Designator=XP2
Change Component Designator: Old Designator=XP1 New Designator=XP3
Change Component Designator: Old Designator=XP2 New Designator=XP4
Change Component Designator: Old Designator=XP3 New Designator=XP5
Change Component Designator: Old Designator=XP22 New Designator=XP6
